::1 - - [09/May/2023:11:04:17 +0500] "GET / HTTP/1.1" 200 309
::1 - - [09/May/2023:11:04:19 +0500] "GET /sitenomai/ HTTP/1.1" 200 1590
::1 - - [09/May/2023:11:04:25 +0500] "GET /sitenomai/General.php HTTP/1.1" 200 3328
::1 - - [09/May/2023:11:04:25 +0500] "GET /sitenomai/style.css HTTP/1.1" 304 -
::1 - - [09/May/2023:11:04:28 +0500] "GET /sitenomai/general.php HTTP/1.1" 200 3328
::1 - - [09/May/2023:11:04:30 +0500] "GET /sitenomai/auth1.php HTTP/1.1" 200 2462
::1 - - [09/May/2023:11:04:31 +0500] "GET /sitenomai/Site.php HTTP/1.1" 200 2566
::1 - - [09/May/2023:11:04:33 +0500] "GET /sitenomai/auth.php HTTP/1.1" 200 2274
::1 - - [09/May/2023:11:04:34 +0500] "GET /sitenomai/Site.php HTTP/1.1" 200 2566
::1 - - [09/May/2023:11:04:35 +0500] "GET /sitenomai/auth.php HTTP/1.1" 200 2274
::1 - - [09/May/2023:11:04:36 +0500] "GET /sitenomai/Site.php HTTP/1.1" 200 2566
::1 - - [09/May/2023:11:04:37 +0500] "GET /sitenomai/auth.php HTTP/1.1" 200 2274
::1 - - [09/May/2023:11:06:06 +0500] "GET /sitenomai/auth.html HTTP/1.1" 404 196
::1 - - [09/May/2023:11:06:08 +0500] "GET /sitenomai/auth.php HTTP/1.1" 200 2274
::1 - - [09/May/2023:11:06:09 +0500] "GET /sitenomai/Site.php HTTP/1.1" 200 2566
::1 - - [09/May/2023:11:06:10 +0500] "GET /sitenomai/auth.php HTTP/1.1" 200 2274
::1 - - [09/May/2023:11:06:11 +0500] "GET /sitenomai/Site.php HTTP/1.1" 200 2566
::1 - - [09/May/2023:11:06:32 +0500] "GET /sitenomai/Site.php HTTP/1.1" 200 2566
::1 - - [09/May/2023:11:06:33 +0500] "GET /sitenomai/auth.php HTTP/1.1" 200 2274
::1 - - [09/May/2023:11:07:32 +0500] "-" 408 -
::1 - - [09/May/2023:11:09:20 +0500] "GET /sitenomai/auth.php HTTP/1.1" 200 2274
::1 - - [09/May/2023:11:09:21 +0500] "GET /sitenomai/auth.php HTTP/1.1" 200 2274
::1 - - [09/May/2023:11:09:21 +0500] "GET /sitenomai/auth.php HTTP/1.1" 200 2274
::1 - - [09/May/2023:11:09:22 +0500] "GET /sitenomai/auth.php HTTP/1.1" 200 2274
::1 - - [09/May/2023:11:09:22 +0500] "GET /sitenomai/auth.php HTTP/1.1" 200 2274
::1 - - [09/May/2023:11:09:23 +0500] "GET /sitenomai/general.php HTTP/1.1" 200 3328
::1 - - [09/May/2023:11:09:25 +0500] "GET /sitenomai/general.php HTTP/1.1" 200 3328
::1 - - [09/May/2023:11:09:25 +0500] "GET /sitenomai/general.php HTTP/1.1" 200 3328
::1 - - [09/May/2023:11:09:26 +0500] "GET /sitenomai/general.php HTTP/1.1" 200 3328
::1 - - [09/May/2023:11:09:26 +0500] "GET /sitenomai/general.php HTTP/1.1" 200 3328
::1 - - [09/May/2023:11:09:27 +0500] "GET /sitenomai/general.php HTTP/1.1" 200 3328
::1 - - [09/May/2023:11:09:27 +0500] "GET /sitenomai/general.php HTTP/1.1" 200 3328
::1 - - [09/May/2023:11:09:28 +0500] "GET /sitenomai/general.php HTTP/1.1" 200 3328
::1 - - [09/May/2023:11:09:29 +0500] "GET /sitenomai/auth1.php HTTP/1.1" 200 2462
::1 - - [09/May/2023:11:09:30 +0500] "GET /sitenomai/general.php HTTP/1.1" 200 3328
::1 - - [09/May/2023:11:09:31 +0500] "GET /sitenomai/Site.php HTTP/1.1" 200 2566
::1 - - [09/May/2023:11:09:33 +0500] "GET /sitenomai/Site.php HTTP/1.1" 200 2566
::1 - - [09/May/2023:11:09:33 +0500] "GET /sitenomai/Site.php HTTP/1.1" 200 2566
::1 - - [09/May/2023:11:09:34 +0500] "GET /sitenomai/Site.php HTTP/1.1" 200 2566
::1 - - [09/May/2023:11:09:34 +0500] "GET /sitenomai/Site.php HTTP/1.1" 200 2566
::1 - - [09/May/2023:11:09:34 +0500] "GET /sitenomai/Site.php HTTP/1.1" 200 2566
::1 - - [09/May/2023:11:09:34 +0500] "GET /sitenomai/Site.php HTTP/1.1" 200 2566
::1 - - [09/May/2023:11:09:34 +0500] "GET /sitenomai/Site.php HTTP/1.1" 200 2566
::1 - - [09/May/2023:11:09:34 +0500] "GET /sitenomai/Site.php HTTP/1.1" 200 2566
::1 - - [09/May/2023:11:09:40 +0500] "GET /sitenomai/general.php HTTP/1.1" 200 3328
::1 - - [09/May/2023:11:09:50 +0500] "GET /sitenomai/general.php HTTP/1.1" 200 3328
::1 - - [09/May/2023:11:10:36 +0500] "GET /sitenomai/general.php HTTP/1.1" 200 3328
::1 - - [09/May/2023:11:10:37 +0500] "GET /sitenomai/general.php HTTP/1.1" 200 3328
::1 - - [09/May/2023:11:10:37 +0500] "GET /sitenomai/general.php HTTP/1.1" 200 3328
::1 - - [09/May/2023:11:10:37 +0500] "GET /sitenomai/general.php HTTP/1.1" 200 3328
::1 - - [09/May/2023:11:10:38 +0500] "GET /sitenomai/general.php HTTP/1.1" 200 3328
::1 - - [09/May/2023:11:10:38 +0500] "GET /sitenomai/general.php HTTP/1.1" 200 3328
::1 - - [09/May/2023:11:10:38 +0500] "GET /sitenomai/general.php HTTP/1.1" 200 3328
::1 - - [09/May/2023:11:11:23 +0500] "GET /sitenomai/auth1.php HTTP/1.1" 200 2462
::1 - - [09/May/2023:11:11:24 +0500] "GET /sitenomai/Site.php HTTP/1.1" 200 2568
::1 - - [09/May/2023:11:11:25 +0500] "GET /sitenomai/auth.php HTTP/1.1" 200 2274
::1 - - [09/May/2023:11:11:25 +0500] "GET /sitenomai/Site.php HTTP/1.1" 200 2568
::1 - - [09/May/2023:11:11:26 +0500] "GET /sitenomai/auth.php HTTP/1.1" 200 2274
::1 - - [09/May/2023:11:11:27 +0500] "GET /sitenomai/Site.php HTTP/1.1" 200 2568
::1 - - [09/May/2023:11:11:27 +0500] "GET /sitenomai/auth.php HTTP/1.1" 200 2274
::1 - - [09/May/2023:11:11:28 +0500] "GET /sitenomai/Site.php HTTP/1.1" 200 2568
::1 - - [09/May/2023:11:11:30 +0500] "GET /sitenomai/auth.php HTTP/1.1" 200 2274
::1 - - [09/May/2023:11:11:31 +0500] "GET /sitenomai/Site.php HTTP/1.1" 200 2568
::1 - - [09/May/2023:11:11:39 +0500] "GET /sitenomai/general.php HTTP/1.1" 200 3328
::1 - - [09/May/2023:11:12:39 +0500] "-" 408 -
::1 - - [09/May/2023:11:13:46 +0500] "GET /sitenomai/general.php HTTP/1.1" 200 3328
::1 - - [09/May/2023:11:13:47 +0500] "GET /sitenomai/general.php HTTP/1.1" 200 3328
::1 - - [09/May/2023:11:13:47 +0500] "GET /sitenomai/general.php HTTP/1.1" 200 3328
::1 - - [09/May/2023:11:13:48 +0500] "GET /sitenomai/auth1.php HTTP/1.1" 200 2462
::1 - - [09/May/2023:11:13:49 +0500] "GET /sitenomai/Site.php HTTP/1.1" 200 2566
::1 - - [09/May/2023:11:13:50 +0500] "GET /sitenomai/auth.php HTTP/1.1" 200 2274
::1 - - [09/May/2023:11:14:17 +0500] "GET /sitenomai/auth.php HTTP/1.1" 200 2274
::1 - - [09/May/2023:11:14:18 +0500] "GET /sitenomai/auth.php HTTP/1.1" 200 2274
::1 - - [09/May/2023:11:14:18 +0500] "GET /sitenomai/Site.php HTTP/1.1" 200 2584
::1 - - [09/May/2023:11:14:24 +0500] "GET /sitenomai/auth.php HTTP/1.1" 200 2274
::1 - - [09/May/2023:11:15:24 +0500] "-" 408 -
::1 - - [09/May/2023:11:15:48 +0500] "GET /sitenomai/auth.php HTTP/1.1" 200 2274
::1 - - [09/May/2023:11:15:49 +0500] "GET /sitenomai/auth.php HTTP/1.1" 200 2274
::1 - - [09/May/2023:11:15:49 +0500] "GET /sitenomai/auth.php HTTP/1.1" 200 2274
::1 - - [09/May/2023:11:15:50 +0500] "GET /sitenomai/general.php HTTP/1.1" 200 3328
::1 - - [09/May/2023:11:15:54 +0500] "GET /sitenomai/auth1.php HTTP/1.1" 200 2462
::1 - - [09/May/2023:11:15:56 +0500] "GET /sitenomai/Site.php HTTP/1.1" 200 2584
::1 - - [09/May/2023:11:15:58 +0500] "GET /sitenomai/auth.php HTTP/1.1" 200 2274
::1 - - [09/May/2023:11:16:18 +0500] "GET /sitenomai/auth.php HTTP/1.1" 200 2274
::1 - - [09/May/2023:11:16:19 +0500] "GET /sitenomai/auth.php HTTP/1.1" 200 2274
::1 - - [09/May/2023:11:16:19 +0500] "GET /sitenomai/auth.php HTTP/1.1" 200 2274
::1 - - [09/May/2023:11:16:20 +0500] "GET /sitenomai/general.php HTTP/1.1" 200 3328
::1 - - [09/May/2023:11:16:23 +0500] "GET /sitenomai/article.php?id=47 HTTP/1.1" 200 1192
::1 - - [09/May/2023:11:16:25 +0500] "GET /sitenomai/general.php HTTP/1.1" 200 3328
::1 - - [09/May/2023:11:17:18 +0500] "-" 408 -
::1 - - [09/May/2023:11:20:44 +0500] "GET /sitenomai/general.php HTTP/1.1" 200 3330
::1 - - [09/May/2023:11:20:45 +0500] "GET /sitenomai/general.php HTTP/1.1" 200 3330
::1 - - [09/May/2023:11:20:46 +0500] "GET /sitenomai/general.php HTTP/1.1" 200 3330
::1 - - [09/May/2023:11:20:47 +0500] "GET /sitenomai/article.php?id=28 HTTP/1.1" 200 15019
::1 - - [09/May/2023:11:20:48 +0500] "GET /sitenomai/general.php HTTP/1.1" 200 3330
::1 - - [09/May/2023:11:20:49 +0500] "GET /sitenomai/auth1.php HTTP/1.1" 200 2480
::1 - - [09/May/2023:11:20:50 +0500] "GET /sitenomai/Site.php HTTP/1.1" 200 2584
::1 - - [09/May/2023:11:20:51 +0500] "GET /sitenomai/auth.php HTTP/1.1" 200 2292
::1 - - [09/May/2023:11:20:51 +0500] "GET /sitenomai/Site.php HTTP/1.1" 200 2584
::1 - - [09/May/2023:11:20:52 +0500] "GET /sitenomai/auth.php HTTP/1.1" 200 2292
::1 - - [09/May/2023:11:20:53 +0500] "GET /sitenomai/Site.php HTTP/1.1" 200 2584
::1 - - [09/May/2023:11:20:53 +0500] "GET /sitenomai/auth.php HTTP/1.1" 200 2292
::1 - - [09/May/2023:11:21:44 +0500] "-" 408 -
::1 - - [09/May/2023:11:22:04 +0500] "GET /sitenomai/Site.php HTTP/1.1" 200 2584
::1 - - [09/May/2023:11:22:32 +0500] "GET /sitenomai/auth.php HTTP/1.1" 200 2292
::1 - - [09/May/2023:11:22:56 +0500] "GET /sitenomai/auth.php HTTP/1.1" 200 2278
::1 - - [09/May/2023:11:23:06 +0500] "GET /sitenomai/Site.php HTTP/1.1" 200 2584
::1 - - [09/May/2023:11:23:07 +0500] "GET /sitenomai/auth.php HTTP/1.1" 200 2278
::1 - - [09/May/2023:11:23:08 +0500] "GET /sitenomai/Site.php HTTP/1.1" 200 2584
::1 - - [09/May/2023:11:23:09 +0500] "GET /sitenomai/auth.php HTTP/1.1" 200 2278
::1 - - [09/May/2023:11:23:10 +0500] "GET /sitenomai/Site.php HTTP/1.1" 200 2584
::1 - - [09/May/2023:11:23:11 +0500] "GET /sitenomai/auth.php HTTP/1.1" 200 2278
::1 - - [09/May/2023:11:23:12 +0500] "GET /sitenomai/Site.php HTTP/1.1" 200 2584
::1 - - [09/May/2023:11:23:12 +0500] "GET /sitenomai/auth.php HTTP/1.1" 200 2278
::1 - - [09/May/2023:11:23:46 +0500] "GET /sitenomai/auth.php HTTP/1.1" 200 2289
::1 - - [09/May/2023:11:23:50 +0500] "GET /sitenomai/auth.html HTTP/1.1" 404 196
::1 - - [09/May/2023:11:23:52 +0500] "GET /sitenomai/auth.php HTTP/1.1" 200 2289
::1 - - [09/May/2023:11:23:53 +0500] "GET /sitenomai/Site.php HTTP/1.1" 200 2584
::1 - - [09/May/2023:11:24:46 +0500] "-" 408 -
::1 - - [09/May/2023:11:26:09 +0500] "GET /sitenomai/Site.php HTTP/1.1" 200 2616
::1 - - [09/May/2023:11:26:27 +0500] "GET /sitenomai/general.php HTTP/1.1" 200 3330
::1 - - [09/May/2023:11:27:27 +0500] "-" 408 -
::1 - - [09/May/2023:11:28:37 +0500] "GET /sitenomai/general.php HTTP/1.1" 200 3330
::1 - - [09/May/2023:11:28:38 +0500] "GET /sitenomai/general.php HTTP/1.1" 200 3330
::1 - - [09/May/2023:11:28:38 +0500] "GET /sitenomai/general.php HTTP/1.1" 200 3330
::1 - - [09/May/2023:11:28:39 +0500] "GET /sitenomai/general.php HTTP/1.1" 200 3330
::1 - - [09/May/2023:11:28:40 +0500] "GET /sitenomai/Site.php HTTP/1.1" 200 2616
::1 - - [09/May/2023:11:28:40 +0500] "GET /sitenomai/general.php HTTP/1.1" 200 3330
::1 - - [09/May/2023:11:28:42 +0500] "GET /sitenomai/Site.php HTTP/1.1" 200 2616
::1 - - [09/May/2023:11:29:25 +0500] "GET /sitenomai/auth.php HTTP/1.1" 200 2289
::1 - - [09/May/2023:11:29:26 +0500] "GET /sitenomai/Site.php HTTP/1.1" 200 2616
::1 - - [09/May/2023:11:29:28 +0500] "GET /sitenomai/general.php HTTP/1.1" 200 3330
::1 - - [09/May/2023:11:29:32 +0500] "GET /sitenomai/auth1.php HTTP/1.1" 200 2477
::1 - - [09/May/2023:11:29:36 +0500] "GET /sitenomai/auth1.php HTTP/1.1" 200 2477
::1 - - [09/May/2023:11:29:36 +0500] "GET /sitenomai/auth1.php HTTP/1.1" 200 2477
::1 - - [09/May/2023:11:29:36 +0500] "GET /sitenomai/auth1.php HTTP/1.1" 200 2477
::1 - - [09/May/2023:11:29:37 +0500] "GET /sitenomai/auth1.php HTTP/1.1" 200 2477
::1 - - [09/May/2023:11:29:37 +0500] "GET /sitenomai/auth1.php HTTP/1.1" 200 2477
::1 - - [09/May/2023:11:29:38 +0500] "GET /sitenomai/general.php HTTP/1.1" 200 3330
::1 - - [09/May/2023:11:29:40 +0500] "GET /sitenomai/auth1.php HTTP/1.1" 200 2477
::1 - - [09/May/2023:11:29:41 +0500] "GET /sitenomai/Site.php HTTP/1.1" 200 2616
::1 - - [09/May/2023:11:29:41 +0500] "GET /sitenomai/auth.php HTTP/1.1" 200 2289
::1 - - [09/May/2023:11:29:42 +0500] "GET /sitenomai/Site.php HTTP/1.1" 200 2616
::1 - - [09/May/2023:11:29:42 +0500] "GET /sitenomai/Site.php HTTP/1.1" 200 2616
::1 - - [09/May/2023:11:29:43 +0500] "GET /sitenomai/auth.php HTTP/1.1" 200 2289
::1 - - [09/May/2023:11:29:44 +0500] "GET /sitenomai/Site.php HTTP/1.1" 200 2616
::1 - - [09/May/2023:11:29:45 +0500] "GET /sitenomai/auth.php HTTP/1.1" 200 2289
::1 - - [09/May/2023:11:29:46 +0500] "GET /sitenomai/Site.php HTTP/1.1" 200 2616
::1 - - [09/May/2023:11:29:46 +0500] "GET /sitenomai/auth.php HTTP/1.1" 200 2289
::1 - - [09/May/2023:11:29:49 +0500] "GET /sitenomai/Site.php HTTP/1.1" 200 2616
::1 - - [09/May/2023:11:30:15 +0500] "POST /sitenomai/check.php HTTP/1.1" 302 -
::1 - - [09/May/2023:11:30:15 +0500] "GET /sitenomai/dashboard.php HTTP/1.1" 200 1622
::1 - - [09/May/2023:11:30:57 +0500] "GET /sitenomai/DopInformationCheck.php HTTP/1.1" 200 1723
::1 - - [09/May/2023:11:30:59 +0500] "GET /sitenomai/dashboard.php HTTP/1.1" 200 1622
::1 - - [09/May/2023:11:31:00 +0500] "GET /sitenomai/post.php HTTP/1.1" 200 1835
::1 - - [09/May/2023:11:31:05 +0500] "GET /sitenomai/dashboard.php HTTP/1.1" 200 1622
::1 - - [09/May/2023:11:31:10 +0500] "GET /sitenomai/general.php HTTP/1.1" 200 3579
::1 - - [09/May/2023:11:31:28 +0500] "GET /sitenomai/dashboard.php HTTP/1.1" 200 1622
::1 - - [09/May/2023:11:31:33 +0500] "GET /sitenomai/dashboard.php HTTP/1.1" 200 1622
::1 - - [09/May/2023:11:32:33 +0500] "-" 408 -
::1 - - [09/May/2023:11:38:06 +0500] "GET /sitenomai/general.php HTTP/1.1" 200 3579
::1 - - [09/May/2023:11:38:09 +0500] "GET /sitenomai/post.php HTTP/1.1" 200 1835
::1 - - [09/May/2023:11:38:11 +0500] "GET /sitenomai/dashboard.php HTTP/1.1" 200 1622
::1 - - [09/May/2023:11:38:13 +0500] "GET /sitenomai/general.php HTTP/1.1" 200 3579
::1 - - [09/May/2023:11:38:17 +0500] "GET /sitenomai/dashboard.php HTTP/1.1" 200 1622
::1 - - [09/May/2023:11:38:18 +0500] "GET /sitenomai/logout.php HTTP/1.1" 302 -
::1 - - [09/May/2023:11:38:18 +0500] "GET /sitenomai/General.php HTTP/1.1" 200 3576
::1 - - [09/May/2023:11:38:20 +0500] "GET /sitenomai/auth1.php HTTP/1.1" 200 2477
::1 - - [09/May/2023:11:38:22 +0500] "GET /sitenomai/Site.php HTTP/1.1" 200 2616
::1 - - [09/May/2023:11:38:22 +0500] "GET /sitenomai/auth.php HTTP/1.1" 200 2289
::1 - - [09/May/2023:11:38:23 +0500] "GET /sitenomai/Site.php HTTP/1.1" 200 2616
::1 - - [09/May/2023:11:38:23 +0500] "GET /sitenomai/auth.php HTTP/1.1" 200 2289
::1 - - [09/May/2023:11:38:27 +0500] "GET /sitenomai/Site.php HTTP/1.1" 200 2616
::1 - - [09/May/2023:11:38:28 +0500] "GET /sitenomai/auth.php HTTP/1.1" 200 2289
::1 - - [09/May/2023:11:38:35 +0500] "GET /sitenomai/Site.php HTTP/1.1" 200 2616
::1 - - [09/May/2023:11:38:44 +0500] "GET /sitenomai/auth.php HTTP/1.1" 200 2289
::1 - - [09/May/2023:11:38:45 +0500] "GET /sitenomai/Site.php HTTP/1.1" 200 2616
::1 - - [09/May/2023:11:39:02 +0500] "GET /sitenomai/auth.php HTTP/1.1" 200 2289
::1 - - [09/May/2023:11:39:04 +0500] "GET /sitenomai/Site.php HTTP/1.1" 200 2616
::1 - - [09/May/2023:11:39:04 +0500] "GET /sitenomai/auth.php HTTP/1.1" 200 2289
::1 - - [09/May/2023:11:39:05 +0500] "GET /sitenomai/Site.php HTTP/1.1" 200 2616
::1 - - [09/May/2023:11:39:06 +0500] "GET /sitenomai/auth.php HTTP/1.1" 200 2289
::1 - - [09/May/2023:11:39:20 +0500] "GET /sitenomai/auth.html HTTP/1.1" 404 196
::1 - - [09/May/2023:11:39:22 +0500] "GET /sitenomai/auth.php HTTP/1.1" 200 2289
::1 - - [09/May/2023:11:39:23 +0500] "GET /sitenomai/Site.php HTTP/1.1" 200 2616
::1 - - [09/May/2023:11:39:59 +0500] "POST /sitenomai/check.php HTTP/1.1" 302 -
::1 - - [09/May/2023:11:39:59 +0500] "GET /sitenomai/dashboard.php HTTP/1.1" 200 1636
::1 - - [09/May/2023:11:40:44 +0500] "GET /sitenomai/dashboard.php HTTP/1.1" 200 1636
::1 - - [09/May/2023:11:40:45 +0500] "GET /sitenomai/DopInformationCheck.php HTTP/1.1" 200 1723
::1 - - [09/May/2023:11:40:48 +0500] "GET /sitenomai/dashboard.php HTTP/1.1" 200 1636
::1 - - [09/May/2023:11:41:44 +0500] "-" 408 -
::1 - - [09/May/2023:11:41:57 +0500] "GET /sitenomai/dashboard.php HTTP/1.1" 200 1636
::1 - - [09/May/2023:11:41:57 +0500] "GET /sitenomai/post.php HTTP/1.1" 200 1835
::1 - - [09/May/2023:11:41:59 +0500] "GET /sitenomai/dashboard.php HTTP/1.1" 200 1636
::1 - - [09/May/2023:11:42:00 +0500] "GET /sitenomai/post.php HTTP/1.1" 200 1835
::1 - - [09/May/2023:11:42:00 +0500] "GET /sitenomai/dashboard.php HTTP/1.1" 200 1636
::1 - - [09/May/2023:11:42:57 +0500] "-" 408 -
::1 - - [09/May/2023:11:53:49 +0500] "GET /sitenomai/dashboard.php HTTP/1.1" 200 1636
::1 - - [09/May/2023:11:53:50 +0500] "GET /sitenomai/logout.php HTTP/1.1" 302 -
::1 - - [09/May/2023:11:53:50 +0500] "GET /sitenomai/General.php HTTP/1.1" 200 3841
::1 - - [09/May/2023:11:53:51 +0500] "GET /sitenomai/auth1.php HTTP/1.1" 200 2477
::1 - - [09/May/2023:11:53:53 +0500] "GET /sitenomai/Site.php HTTP/1.1" 200 2616
::1 - - [09/May/2023:11:53:54 +0500] "GET /sitenomai/auth.php HTTP/1.1" 200 2289
::1 - - [09/May/2023:11:54:28 +0500] "GET /sitenomai/Site.php HTTP/1.1" 200 2616
::1 - - [09/May/2023:11:54:29 +0500] "GET /sitenomai/auth.php HTTP/1.1" 200 2289
::1 - - [09/May/2023:11:54:30 +0500] "GET /sitenomai/Site.php HTTP/1.1" 200 2616
::1 - - [09/May/2023:11:54:31 +0500] "GET /sitenomai/auth.php HTTP/1.1" 200 2289
::1 - - [09/May/2023:11:54:31 +0500] "GET /sitenomai/Site.php HTTP/1.1" 200 2616
::1 - - [09/May/2023:11:54:36 +0500] "GET /sitenomai/auth.php HTTP/1.1" 200 2289
::1 - - [09/May/2023:11:54:38 +0500] "GET /sitenomai/Site.php HTTP/1.1" 200 2616
::1 - - [09/May/2023:11:54:54 +0500] "GET /sitenomai/auth.php HTTP/1.1" 200 2289
::1 - - [09/May/2023:11:55:32 +0500] "GET /sitenomai/Site.php HTTP/1.1" 200 2616
::1 - - [09/May/2023:11:55:33 +0500] "GET /sitenomai/auth.php HTTP/1.1" 200 2289
::1 - - [09/May/2023:11:55:34 +0500] "GET /sitenomai/Site.php HTTP/1.1" 200 2616
::1 - - [09/May/2023:11:55:34 +0500] "GET /sitenomai/auth.php HTTP/1.1" 200 2289
::1 - - [09/May/2023:11:55:35 +0500] "GET /sitenomai/Site.php HTTP/1.1" 200 2616
::1 - - [09/May/2023:11:55:35 +0500] "GET /sitenomai/auth.php HTTP/1.1" 200 2289
::1 - - [09/May/2023:11:55:36 +0500] "GET /sitenomai/Site.php HTTP/1.1" 200 2616
::1 - - [09/May/2023:11:55:37 +0500] "GET /sitenomai/auth.php HTTP/1.1" 200 2289
::1 - - [09/May/2023:11:55:37 +0500] "GET /sitenomai/Site.php HTTP/1.1" 200 2616
::1 - - [09/May/2023:11:55:44 +0500] "GET /sitenomai/auth.php HTTP/1.1" 200 2289
::1 - - [09/May/2023:11:56:44 +0500] "-" 408 -
::1 - - [09/May/2023:11:58:01 +0500] "GET /sitenomai/auth.php HTTP/1.1" 200 2276
::1 - - [09/May/2023:11:58:01 +0500] "GET /sitenomai/style.css HTTP/1.1" 200 1131
::1 - - [09/May/2023:11:58:02 +0500] "GET /sitenomai/auth.php HTTP/1.1" 200 2276
::1 - - [09/May/2023:11:58:03 +0500] "GET /sitenomai/auth.html HTTP/1.1" 404 196
::1 - - [09/May/2023:11:58:05 +0500] "GET /sitenomai/auth.php HTTP/1.1" 200 2276
::1 - - [09/May/2023:11:58:06 +0500] "GET /sitenomai/Site.php HTTP/1.1" 200 2584
::1 - - [09/May/2023:11:58:07 +0500] "GET /sitenomai/auth.php HTTP/1.1" 200 2276
::1 - - [09/May/2023:11:58:17 +0500] "GET /sitenomai/Site.php HTTP/1.1" 200 2584
::1 - - [09/May/2023:11:59:17 +0500] "-" 408 -
::1 - - [09/May/2023:12:03:42 +0500] "GET /sitenomai/auth.php HTTP/1.1" 200 2276
::1 - - [09/May/2023:12:03:42 +0500] "GET /sitenomai/style.css HTTP/1.1" 304 -
::1 - - [09/May/2023:12:04:38 +0500] "GET /sitenomai/auth.php HTTP/1.1" 200 2276
::1 - - [09/May/2023:12:04:39 +0500] "GET /sitenomai/auth.php HTTP/1.1" 200 2276
::1 - - [09/May/2023:12:04:39 +0500] "GET /sitenomai/auth.php HTTP/1.1" 200 2276
::1 - - [09/May/2023:12:04:39 +0500] "GET /sitenomai/auth.php HTTP/1.1" 200 2276
::1 - - [09/May/2023:12:04:40 +0500] "GET /sitenomai/auth.html HTTP/1.1" 404 196
::1 - - [09/May/2023:12:04:42 +0500] "GET /sitenomai/auth.php HTTP/1.1" 200 2276
::1 - - [09/May/2023:12:04:44 +0500] "GET /sitenomai/Site.php HTTP/1.1" 200 2584
::1 - - [09/May/2023:12:04:45 +0500] "GET /sitenomai/auth.php HTTP/1.1" 200 2276
::1 - - [09/May/2023:12:04:46 +0500] "GET /sitenomai/auth.php HTTP/1.1" 200 2276
::1 - - [09/May/2023:12:04:46 +0500] "GET /sitenomai/auth.php HTTP/1.1" 200 2276
::1 - - [09/May/2023:12:04:47 +0500] "GET /sitenomai/auth.php HTTP/1.1" 200 2276
::1 - - [09/May/2023:12:04:47 +0500] "GET /sitenomai/auth.php HTTP/1.1" 200 2276
::1 - - [09/May/2023:12:05:05 +0500] "GET /sitenomai/auth.php HTTP/1.1" 200 2276
::1 - - [09/May/2023:12:05:06 +0500] "GET /sitenomai/auth.php HTTP/1.1" 200 2276
::1 - - [09/May/2023:12:05:06 +0500] "GET /sitenomai/auth.php HTTP/1.1" 200 2276
::1 - - [09/May/2023:12:05:06 +0500] "GET /sitenomai/auth.php HTTP/1.1" 200 2276
::1 - - [09/May/2023:12:05:41 +0500] "GET /sitenomai/auth.php HTTP/1.1" 200 2276
::1 - - [09/May/2023:12:05:42 +0500] "GET /sitenomai/auth.php HTTP/1.1" 200 2276
::1 - - [09/May/2023:12:05:42 +0500] "GET /sitenomai/auth.php HTTP/1.1" 200 2276
::1 - - [09/May/2023:12:05:42 +0500] "GET /sitenomai/auth.php HTTP/1.1" 200 2276
::1 - - [09/May/2023:12:05:43 +0500] "GET /sitenomai/auth.html HTTP/1.1" 404 196
::1 - - [09/May/2023:12:05:44 +0500] "GET /sitenomai/auth.php HTTP/1.1" 200 2276
::1 - - [09/May/2023:12:05:45 +0500] "GET /sitenomai/Site.php HTTP/1.1" 200 2584
::1 - - [09/May/2023:12:05:50 +0500] "GET /sitenomai/auth.php HTTP/1.1" 200 2276
::1 - - [09/May/2023:12:06:41 +0500] "-" 408 -
::1 - - [09/May/2023:12:07:07 +0500] "GET /sitenomai/auth.php HTTP/1.1" 200 2282
::1 - - [09/May/2023:12:07:08 +0500] "GET /sitenomai/auth.php HTTP/1.1" 200 2282
::1 - - [09/May/2023:12:07:08 +0500] "GET /sitenomai/auth.php HTTP/1.1" 200 2282
::1 - - [09/May/2023:12:07:11 +0500] "GET /sitenomai/Site.php HTTP/1.1" 200 2584
::1 - - [09/May/2023:12:07:11 +0500] "GET /sitenomai/style.css HTTP/1.1" 304 -
::1 - - [09/May/2023:12:07:12 +0500] "GET /sitenomai/auth.php HTTP/1.1" 200 2282
::1 - - [09/May/2023:12:07:13 +0500] "GET /sitenomai/Site.php HTTP/1.1" 200 2584
::1 - - [09/May/2023:12:07:15 +0500] "GET /sitenomai/auth.php HTTP/1.1" 200 2282
::1 - - [09/May/2023:12:07:17 +0500] "GET /sitenomai/Site.php HTTP/1.1" 200 2584
::1 - - [09/May/2023:12:08:07 +0500] "-" 408 -
